Determining if the pthread_create exist failed with the following output:
Change Dir: /home/nikfio/ThesisCode/LSTM_on_Create2/build/CMakeFiles/CMakeTmp

Run Build Command:"/usr/bin/make" "cmTryCompileExec2543210476/fast"
/usr/bin/make -f CMakeFiles/cmTryCompileExec2543210476.dir/build.make CMakeFiles/cmTryCompileExec2543210476.dir/build
make[1]: Entering directory `/home/nikfio/ThesisCode/LSTM_on_Create2/build/CMakeFiles/CMakeTmp'
/usr/bin/cmake -E cmake_progress_report /home/nikfio/ThesisCode/LSTM_on_Create2/build/CMakeFiles/CMakeTmp/CMakeFiles 1
Building C object CMakeFiles/cmTryCompileExec2543210476.dir/CheckSymbolExists.c.o
/usr/bin/cc    -o CMakeFiles/cmTryCompileExec2543210476.dir/CheckSymbolExists.c.o   -c /home/nikfio/ThesisCode/LSTM_on_Create2/build/CMakeFiles/CMakeTmp/CheckSymbolExists.c
Linking C executable cmTryCompileExec2543210476
/usr/bin/cmake -E cmake_link_script CMakeFiles/cmTryCompileExec2543210476.dir/link.txt --verbose=1
/usr/bin/cc       CMakeFiles/cmTryCompileExec2543210476.dir/CheckSymbolExists.c.o  -o cmTryCompileExec2543210476 -rdynamic 
CMakeFiles/cmTryCompileExec2543210476.dir/CheckSymbolExists.c.o: In function `main':
CheckSymbolExists.c:(.text+0x16): undefined reference to `pthread_create'
collect2: error: ld returned 1 exit status
make[1]: Leaving directory `/home/nikfio/ThesisCode/LSTM_on_Create2/build/CMakeFiles/CMakeTmp'
make[1]: *** [cmTryCompileExec2543210476] Error 1
make: *** [cmTryCompileExec2543210476/fast] Error 2

File /home/nikfio/ThesisCode/LSTM_on_Create2/build/CMakeFiles/CMakeTmp/CheckSymbolExists.c:
/* */
#include <pthread.h>

int main(int argc, char** argv)
{
  (void)argv;
#ifndef pthread_create
  return ((int*)(&pthread_create))[argc];
#else
  (void)argc;
  return 0;
#endif
}

Determining if the function pthread_create exists in the pthreads failed with the following output:
Change Dir: /home/nikfio/ThesisCode/LSTM_on_Create2/build/CMakeFiles/CMakeTmp

Run Build Command:"/usr/bin/make" "cmTryCompileExec3338186485/fast"
/usr/bin/make -f CMakeFiles/cmTryCompileExec3338186485.dir/build.make CMakeFiles/cmTryCompileExec3338186485.dir/build
make[1]: Entering directory `/home/nikfio/ThesisCode/LSTM_on_Create2/build/CMakeFiles/CMakeTmp'
/usr/bin/cmake -E cmake_progress_report /home/nikfio/ThesisCode/LSTM_on_Create2/build/CMakeFiles/CMakeTmp/CMakeFiles 1
Building C object CMakeFiles/cmTryCompileExec3338186485.dir/CheckFunctionExists.c.o
/usr/bin/cc   -DCHECK_FUNCTION_EXISTS=pthread_create   -o CMakeFiles/cmTryCompileExec3338186485.dir/CheckFunctionExists.c.o   -c /usr/share/cmake-3.2/Modules/CheckFunctionExists.c
Linking C executable cmTryCompileExec3338186485
/usr/bin/cmake -E cmake_link_script CMakeFiles/cmTryCompileExec3338186485.dir/link.txt --verbose=1
/usr/bin/cc   -DCHECK_FUNCTION_EXISTS=pthread_create    CMakeFiles/cmTryCompileExec3338186485.dir/CheckFunctionExists.c.o  -o cmTryCompileExec3338186485 -rdynamic -lpthreads 
/usr/bin/ld: cannot find -lpthreads
collect2: error: ld returned 1 exit status
make[1]: Leaving directory `/home/nikfio/ThesisCode/LSTM_on_Create2/build/CMakeFiles/CMakeTmp'
make[1]: *** [cmTryCompileExec3338186485] Error 1
make: *** [cmTryCompileExec3338186485/fast] Error 2


